Line 340: Class MSAdodcLib.Adodc of control Adodc1 was not a loaded control class.
Line 346: The property name _ExtentX in Adodc1 is invalid.
Line 347: The property name _ExtentY in Adodc1 is invalid.
Line 348: The property name ConnectMode in Adodc1 is invalid.
Line 349: The property name CursorLocation in Adodc1 is invalid.
Line 350: The property name IsolationLevel in Adodc1 is invalid.
Line 351: The property name ConnectionTimeout in Adodc1 is invalid.
Line 352: The property name CommandTimeout in Adodc1 is invalid.
Line 353: The property name CursorType in Adodc1 is invalid.
Line 354: The property name LockType in Adodc1 is invalid.
Line 355: The property name CommandType in Adodc1 is invalid.
Line 356: The property name CursorOptions in Adodc1 is invalid.
Line 357: The property name CacheSize in Adodc1 is invalid.
Line 358: The property name MaxRecords in Adodc1 is invalid.
Line 359: The property name BOFAction in Adodc1 is invalid.
Line 360: The property name EOFAction in Adodc1 is invalid.
Line 361: The property name ConnectStringType in Adodc1 is invalid.
Line 365: The property name Orientation in Adodc1 is invalid.
Line 367: The property name Connect in Adodc1 is invalid.
Line 368: The property name OLEDBString in Adodc1 is invalid.
Line 369: The property name OLEDBFile in Adodc1 is invalid.
Line 370: The property name DataSourceName in Adodc1 is invalid.
Line 371: The property name OtherAttributes in Adodc1 is invalid.
Line 372: The property name UserName in Adodc1 is invalid.
Line 373: The property name Password in Adodc1 is invalid.
Line 374: The property name RecordSource in Adodc1 is invalid.
Line 375: The property name Caption in Adodc1 is invalid.
Line 385: The property name _Version in Adodc1 is invalid.
